Importer Log Report
Document: F:\PCBs\LED_FADER\LED_FADER\LED_FADER.kicad_sch
    Section : Loading Schematic - F:\PCBs\LED_FADER\LED_FADER\LED_FADER.kicad_sch
        Warning: Unknown child generator_version of kicad_sch.
        Warning: Unknown child exclude_from_sim of symbol.
        Warning: Unknown child exclude_from_sim of symbol.
        Warning: Unknown child exclude_from_sim of symbol.
        Warning: Unknown child exclude_from_sim of symbol.
        Warning: Unknown child exclude_from_sim of symbol.
        Warning: Unknown child exclude_from_sim of symbol.
        Warning: Unknown child exclude_from_sim of symbol.
        Warning: Unknown child exclude_from_sim of symbol.
        Warning: Unknown child exclude_from_sim of symbol.
        Warning: Unknown child exclude_from_sim of symbol.
        Warning: Unknown child exclude_from_sim of symbol.
        Warning: Unknown child exclude_from_sim of symbol.
        Warning: Unknown child exclude_from_sim of symbol.
        Warning: Unknown child exclude_from_sim of symbol.
        Warning: Unknown child exclude_from_sim of symbol.
        Warning: Unknown child exclude_from_sim of symbol.
        Warning: Unknown child exclude_from_sim of symbol.
        Warning: Unknown child exclude_from_sim of symbol.
        Warning: Unknown child exclude_from_sim of symbol.
        Warning: Unknown child exclude_from_sim of symbol.
        Warning: Unknown child exclude_from_sim of symbol.
        Warning: Unknown child exclude_from_sim of symbol.
        Warning: Unknown child exclude_from_sim of symbol.
        Warning: Unknown child exclude_from_sim of symbol.
        Warning: Unknown child exclude_from_sim of symbol.
        Warning: Unknown child exclude_from_sim of symbol.
        Warning: Unknown child exclude_from_sim of symbol.
        Warning: Unknown child exclude_from_sim of symbol.
        Warning: Unknown child exclude_from_sim of symbol.
        Warning: Unknown child exclude_from_sim of symbol.
        Warning: Unknown child exclude_from_sim of symbol.
        Warning: Unknown child exclude_from_sim of symbol.
    EndSection
    Section : Loading Schematic - F:\PCBs\LED_FADER\LED_FADER\LED_FADER.kicad_sch
        Warning: Unknown child generator_version of kicad_sch.
        Warning: Unknown child exclude_from_sim of symbol.
        Warning: Unknown child exclude_from_sim of symbol.
        Warning: Unknown child exclude_from_sim of symbol.
        Warning: Unknown child exclude_from_sim of symbol.
        Warning: Unknown child exclude_from_sim of symbol.
        Warning: Unknown child exclude_from_sim of symbol.
        Warning: Unknown child exclude_from_sim of symbol.
        Warning: Unknown child exclude_from_sim of symbol.
        Warning: Unknown child exclude_from_sim of symbol.
        Warning: Unknown child exclude_from_sim of symbol.
        Warning: Unknown child exclude_from_sim of symbol.
        Warning: Unknown child exclude_from_sim of symbol.
        Warning: Unknown child exclude_from_sim of symbol.
        Warning: Unknown child exclude_from_sim of symbol.
        Warning: Unknown child exclude_from_sim of symbol.
        Warning: Unknown child exclude_from_sim of symbol.
        Warning: Unknown child exclude_from_sim of symbol.
        Warning: Unknown child exclude_from_sim of symbol.
        Warning: Unknown child exclude_from_sim of symbol.
        Warning: Unknown child exclude_from_sim of symbol.
        Warning: Unknown child exclude_from_sim of symbol.
        Warning: Unknown child exclude_from_sim of symbol.
        Warning: Unknown child exclude_from_sim of symbol.
        Warning: Unknown child exclude_from_sim of symbol.
        Warning: Unknown child exclude_from_sim of symbol.
        Warning: Unknown child exclude_from_sim of symbol.
        Warning: Unknown child exclude_from_sim of symbol.
        Warning: Unknown child exclude_from_sim of symbol.
        Warning: Unknown child exclude_from_sim of symbol.
        Warning: Unknown child exclude_from_sim of symbol.
        Warning: Unknown child exclude_from_sim of symbol.
        Warning: Unknown child exclude_from_sim of symbol.
    EndSection
